
 ['fitsdata/NGC4047.ELINES.cube.fits.gz']

Working on galaxy NGC4047 product ELINES nsel=20
RA ref is 180.71125
DEC ref is 48.6361944444
This is an image of shape (20, 128, 128)
Axis 1: crpix=65.0
Axis 2: crpix=65.0
Remainder:  [1, 1, 0]
RA ref is 180.71125
DEC ref is 48.6361944444
This is an image of shape (20, 128, 128)
Axis 1: crpix=65.0
Axis 2: crpix=65.0
Remainder:  [1, 1, 0]
['Name', 'ix', 'iy', 'ra_off', 'dec_off', 'rad_arc', 'azi_ang', 'Havel_rg', 'Vdisp_rg', '[OII]3727_rg', '[OIII]5007_rg', '[OIII]4959_rg', 'Hbeta_rg', 'Halpha_rg', '[NII]6583_rg', '[NII]6548_rg', '[SII]6731_rg', '[SII]6717_rg', 'e_[OII]3727_rg', 'e_[OIII]5007_rg', 'e_[OIII]4959_rg', 'e_Hbeta_rg', 'e_Halpha_rg', 'e_[NII]6583_rg', 'e_[NII]6548_rg', 'e_[SII]6731_rg', 'e_[SII]6717_rg', 'sigsfr_rg', 'e_sigsfr_rg', 'AHa_sigsfr_rg', 'e_AHa_sigsfr_rg']
There are 1849 rows in native table
['Name', 'ix', 'iy', 'ra_off', 'dec_off', 'rad_arc', 'azi_ang', 'Havel_sm', 'Vdisp_sm', '[OII]3727_sm', '[OIII]5007_sm', '[OIII]4959_sm', 'Hbeta_sm', 'Halpha_sm', '[NII]6583_sm', '[NII]6548_sm', '[SII]6731_sm', '[SII]6717_sm', 'e_[OII]3727_sm', 'e_[OIII]5007_sm', 'e_[OIII]4959_sm', 'e_Hbeta_sm', 'e_Halpha_sm', 'e_[NII]6583_sm', 'e_[NII]6548_sm', 'e_[SII]6731_sm', 'e_[SII]6717_sm', 'sigsfr_sm', 'e_sigsfr_sm', 'AHa_sigsfr_sm', 'e_AHa_sigsfr_sm']
There are 1849 rows in smoothed table

 ['fitsdata/NGC4047.SFH.cube.fits.gz']

Working on galaxy NGC4047 product SFH nsel=78
RA ref is 180.71125
DEC ref is 48.6361944444
This is an image of shape (398, 128, 128)
Axis 1: crpix=65.0
Axis 2: crpix=65.0
Remainder:  [1, 1, 0]
RA ref is 180.71125
DEC ref is 48.6361944444
This is an image of shape (398, 128, 128)
Axis 1: crpix=65.0
Axis 2: crpix=65.0
Remainder:  [1, 1, 0]
['Name', 'ix', 'iy', 'ra_off', 'dec_off', 'rad_arc', 'azi_ang', 'lumfrac_age_0.0010_rg', 'lumfrac_age_0.0030_rg', 'lumfrac_age_0.0040_rg', 'lumfrac_age_0.0056_rg', 'lumfrac_age_0.0089_rg', 'lumfrac_age_0.0100_rg', 'lumfrac_age_0.0126_rg', 'lumfrac_age_0.0141_rg', 'lumfrac_age_0.0178_rg', 'lumfrac_age_0.0199_rg', 'lumfrac_age_0.0251_rg', 'lumfrac_age_0.0316_rg', 'lumfrac_age_0.0398_rg', 'lumfrac_age_0.0562_rg', 'lumfrac_age_0.0630_rg', 'lumfrac_age_0.0631_rg', 'lumfrac_age_0.0708_rg', 'lumfrac_age_0.1000_rg', 'lumfrac_age_0.1122_rg', 'lumfrac_age_0.1259_rg', 'lumfrac_age_0.1585_rg', 'lumfrac_age_0.1995_rg', 'lumfrac_age_0.2818_rg', 'lumfrac_age_0.3548_rg', 'lumfrac_age_0.5012_rg', 'lumfrac_age_0.7079_rg', 'lumfrac_age_0.8913_rg', 'lumfrac_age_1.1220_rg', 'lumfrac_age_1.2589_rg', 'lumfrac_age_1.4125_rg', 'lumfrac_age_1.9953_rg', 'lumfrac_age_2.5119_rg', 'lumfrac_age_3.5481_rg', 'lumfrac_age_4.4668_rg', 'lumfrac_age_6.3096_rg', 'lumfrac_age_7.9433_rg', 'lumfrac_age_10.000_rg', 'lumfrac_age_12.5893_rg', 'lumfrac_age_14.1254_rg', 'e_lumfrac_age_0.0010_rg', 'e_lumfrac_age_0.0030_rg', 'e_lumfrac_age_0.0040_rg', 'e_lumfrac_age_0.0056_rg', 'e_lumfrac_age_0.0089_rg', 'e_lumfrac_age_0.0100_rg', 'e_lumfrac_age_0.0126_rg', 'e_lumfrac_age_0.0141_rg', 'e_lumfrac_age_0.0178_rg', 'e_lumfrac_age_0.0199_rg', 'e_lumfrac_age_0.0251_rg', 'e_lumfrac_age_0.0316_rg', 'e_lumfrac_age_0.0398_rg', 'e_lumfrac_age_0.0562_rg', 'e_lumfrac_age_0.0630_rg', 'e_lumfrac_age_0.0631_rg', 'e_lumfrac_age_0.0708_rg', 'e_lumfrac_age_0.1000_rg', 'e_lumfrac_age_0.1122_rg', 'e_lumfrac_age_0.1259_rg', 'e_lumfrac_age_0.1585_rg', 'e_lumfrac_age_0.1995_rg', 'e_lumfrac_age_0.2818_rg', 'e_lumfrac_age_0.3548_rg', 'e_lumfrac_age_0.5012_rg', 'e_lumfrac_age_0.7079_rg', 'e_lumfrac_age_0.8913_rg', 'e_lumfrac_age_1.1220_rg', 'e_lumfrac_age_1.2589_rg', 'e_lumfrac_age_1.4125_rg', 'e_lumfrac_age_1.9953_rg', 'e_lumfrac_age_2.5119_rg', 'e_lumfrac_age_3.5481_rg', 'e_lumfrac_age_4.4668_rg', 'e_lumfrac_age_6.3096_rg', 'e_lumfrac_age_7.9433_rg', 'e_lumfrac_age_10.000_rg', 'e_lumfrac_age_12.5893_rg', 'e_lumfrac_age_14.1254_rg']
There are 1849 rows in native table
['Name', 'ix', 'iy', 'ra_off', 'dec_off', 'rad_arc', 'azi_ang', 'lumfrac_age_0.0010_sm', 'lumfrac_age_0.0030_sm', 'lumfrac_age_0.0040_sm', 'lumfrac_age_0.0056_sm', 'lumfrac_age_0.0089_sm', 'lumfrac_age_0.0100_sm', 'lumfrac_age_0.0126_sm', 'lumfrac_age_0.0141_sm', 'lumfrac_age_0.0178_sm', 'lumfrac_age_0.0199_sm', 'lumfrac_age_0.0251_sm', 'lumfrac_age_0.0316_sm', 'lumfrac_age_0.0398_sm', 'lumfrac_age_0.0562_sm', 'lumfrac_age_0.0630_sm', 'lumfrac_age_0.0631_sm', 'lumfrac_age_0.0708_sm', 'lumfrac_age_0.1000_sm', 'lumfrac_age_0.1122_sm', 'lumfrac_age_0.1259_sm', 'lumfrac_age_0.1585_sm', 'lumfrac_age_0.1995_sm', 'lumfrac_age_0.2818_sm', 'lumfrac_age_0.3548_sm', 'lumfrac_age_0.5012_sm', 'lumfrac_age_0.7079_sm', 'lumfrac_age_0.8913_sm', 'lumfrac_age_1.1220_sm', 'lumfrac_age_1.2589_sm', 'lumfrac_age_1.4125_sm', 'lumfrac_age_1.9953_sm', 'lumfrac_age_2.5119_sm', 'lumfrac_age_3.5481_sm', 'lumfrac_age_4.4668_sm', 'lumfrac_age_6.3096_sm', 'lumfrac_age_7.9433_sm', 'lumfrac_age_10.000_sm', 'lumfrac_age_12.5893_sm', 'lumfrac_age_14.1254_sm', 'e_lumfrac_age_0.0010_sm', 'e_lumfrac_age_0.0030_sm', 'e_lumfrac_age_0.0040_sm', 'e_lumfrac_age_0.0056_sm', 'e_lumfrac_age_0.0089_sm', 'e_lumfrac_age_0.0100_sm', 'e_lumfrac_age_0.0126_sm', 'e_lumfrac_age_0.0141_sm', 'e_lumfrac_age_0.0178_sm', 'e_lumfrac_age_0.0199_sm', 'e_lumfrac_age_0.0251_sm', 'e_lumfrac_age_0.0316_sm', 'e_lumfrac_age_0.0398_sm', 'e_lumfrac_age_0.0562_sm', 'e_lumfrac_age_0.0630_sm', 'e_lumfrac_age_0.0631_sm', 'e_lumfrac_age_0.0708_sm', 'e_lumfrac_age_0.1000_sm', 'e_lumfrac_age_0.1122_sm', 'e_lumfrac_age_0.1259_sm', 'e_lumfrac_age_0.1585_sm', 'e_lumfrac_age_0.1995_sm', 'e_lumfrac_age_0.2818_sm', 'e_lumfrac_age_0.3548_sm', 'e_lumfrac_age_0.5012_sm', 'e_lumfrac_age_0.7079_sm', 'e_lumfrac_age_0.8913_sm', 'e_lumfrac_age_1.1220_sm', 'e_lumfrac_age_1.2589_sm', 'e_lumfrac_age_1.4125_sm', 'e_lumfrac_age_1.9953_sm', 'e_lumfrac_age_2.5119_sm', 'e_lumfrac_age_3.5481_sm', 'e_lumfrac_age_4.4668_sm', 'e_lumfrac_age_6.3096_sm', 'e_lumfrac_age_7.9433_sm', 'e_lumfrac_age_10.000_sm', 'e_lumfrac_age_12.5893_sm', 'e_lumfrac_age_14.1254_sm']
There are 1849 rows in smoothed table

 ['fitsdata/NGC4047.SSP.cube.fits.gz']

Working on galaxy NGC4047 product SSP nsel=20
RA ref is 180.71125
DEC ref is 48.6361944444
This is an image of shape (20, 128, 128)
Axis 1: crpix=65.0
Axis 2: crpix=65.0
Remainder:  [1, 1, 0]
RA ref is 180.71125
DEC ref is 48.6361944444
This is an image of shape (20, 128, 128)
Axis 1: crpix=65.0
Axis 2: crpix=65.0
Remainder:  [1, 1, 0]
['Name', 'ix', 'iy', 'ra_off', 'dec_off', 'rad_arc', 'azi_ang', 'Vcont_ssp_rg', 'cont_segm_rg', 'cont_dezon_rg', 'medflx_ssp_rg', 'e_medflx_ssp_rg', 'age_lwt_rg', 'age_mwt_rg', 'e_age_lwt_rg', 'ZH_lwt_rg', 'ZH_mwt_rg', 'e_ZH_lwt_rg', 'Av_ssp_rg', 'e_Av_ssp_rg', 'vel_ssp_rg', 'e_vel_ssp_rg', 'vdisp_ssp_rg', 'e_vdisp_ssp_rg', 'ML_ssp_rg', 'mass_ssp_rg', 'mass_Avcor_ssp_rg', 'sigstar_rg', 'sigstar_Avcor_rg', 'fe_sigstar_rg']
There are 1849 rows in native table
['Name', 'ix', 'iy', 'ra_off', 'dec_off', 'rad_arc', 'azi_ang', 'Vcont_ssp_sm', 'cont_segm_sm', 'cont_dezon_sm', 'medflx_ssp_sm', 'e_medflx_ssp_sm', 'age_lwt_sm', 'age_mwt_sm', 'e_age_lwt_sm', 'ZH_lwt_sm', 'ZH_mwt_sm', 'e_ZH_lwt_sm', 'Av_ssp_sm', 'e_Av_ssp_sm', 'vel_ssp_sm', 'e_vel_ssp_sm', 'vdisp_ssp_sm', 'e_vdisp_ssp_sm', 'ML_ssp_sm', 'mass_ssp_sm', 'mass_Avcor_ssp_sm', 'sigstar_sm', 'sigstar_Avcor_sm', 'fe_sigstar_sm']
There are 1849 rows in smoothed table

 ['fitsdata/indices.CS.NGC4047.cube.fits.gz']

Working on galaxy NGC4047 product indices nsel=18
RA ref is 180.71125
DEC ref is 48.6361944444
This is an image of shape (18, 128, 128)
Axis 1: crpix=65.0
Axis 2: crpix=65.0
Remainder:  [1, 1, 0]
RA ref is 180.71125
DEC ref is 48.6361944444
This is an image of shape (18, 128, 128)
Axis 1: crpix=65.0
Axis 2: crpix=65.0
Remainder:  [1, 1, 0]
['Name', 'ix', 'iy', 'ra_off', 'dec_off', 'rad_arc', 'azi_ang', 'Hdel_idx_rg', 'Hbet_idx_rg', 'Mgb_idx_rg', 'Fe5270_idx_rg', 'Fe5335_idx_rg', 'D4000_idx_rg', 'Hdmod_idx_rg', 'Hgam_idx_rg', 'SN_idx_rg', 'e_Hdel_idx_rg', 'e_Hbet_idx_rg', 'e_Mgb_idx_rg', 'e_Fe5270_idx_rg', 'e_Fe5335_idx_rg', 'e_D4000_idx_rg', 'e_Hdmod_idx_rg', 'e_Hgam_idx_rg', 'e_SN_idx_rg']
There are 1849 rows in native table
['Name', 'ix', 'iy', 'ra_off', 'dec_off', 'rad_arc', 'azi_ang', 'Hdel_idx_sm', 'Hbet_idx_sm', 'Mgb_idx_sm', 'Fe5270_idx_sm', 'Fe5335_idx_sm', 'D4000_idx_sm', 'Hdmod_idx_sm', 'Hgam_idx_sm', 'SN_idx_sm', 'e_Hdel_idx_sm', 'e_Hbet_idx_sm', 'e_Mgb_idx_sm', 'e_Fe5270_idx_sm', 'e_Fe5335_idx_sm', 'e_D4000_idx_sm', 'e_Hdmod_idx_sm', 'e_Hgam_idx_sm', 'e_SN_idx_sm']WARNING: VerifyWarning: Invalid 'BLANK' keyword in header.  The 'BLANK' keyword is only applicable to integer data, and will be ignored in this HDU. [astropy.io.fits.hdu.image]
WARNING: FITSFixedWarning: 'cdfix' made the change 'Success'. [astropy.wcs.wcs]
WARNING: FITSFixedWarning: 'datfix' made the change 'Set DATE-REF to '1858-11-17' from MJD-REF'. [astropy.wcs.wcs]
/opt/local/Library/Frameworks/Python.framework/Versions/3.6/lib/python3.6/site-packages/astropy/table/column.py:1020: RuntimeWarning: invalid value encountered in greater
  result = getattr(super(), op)(other)
/Users/tonywong/Library/Python/3.6/lib/python/site-packages/edge_pydb/conversion.py:211: RuntimeWarning: invalid value encountered in less
  sf = (n2ha < kauffm_end) & (o3hb < kauffm03(n2ha))
/Users/tonywong/Library/Python/3.6/lib/python/site-packages/edge_pydb/conversion.py:213: RuntimeWarning: invalid value encountered in less
  inter = (~sf) & (n2ha < kewley_end) & (o3hb < kewley01(n2ha))
/Users/tonywong/Library/Python/3.6/lib/python/site-packages/edge_pydb/conversion.py:215: RuntimeWarning: invalid value encountered in less
  liner = (~sf) & (~inter) & (o3hb < cidfer10(n2ha))

There are 1849 rows in smoothed table

 ['fitsdata/flux_elines.NGC4047.cube.fits.gz']

Working on galaxy NGC4047 product flux_elines nsel=80
RA ref is 180.71125
DEC ref is 48.6361944444
This is an image of shape (408, 128, 128)
Axis 1: crpix=65.0
Axis 2: crpix=65.0
Remainder:  [1, 1, 0]
RA ref is 180.71125
DEC ref is 48.6361944444
This is an image of shape (408, 128, 128)
Axis 1: crpix=65.0
Axis 2: crpix=65.0
Remainder:  [1, 1, 0]
Calculating the probability
Working on SFR
Working on intermediate region, composite
Working on liner
Working on Seyfert
Calculating the probability
Working on SFR
Working on intermediate region, composite
Working on liner
Working on Seyfert
['Name', 'ix', 'iy', 'ra_off', 'dec_off', 'rad_arc', 'azi_ang', 'flux_[OII]3727_rg', 'flux_[OIII]5007_rg', 'flux_[OIII]4959_rg', 'flux_Hbeta_rg', 'flux_[OI]6300_rg', 'flux_Halpha_rg', 'flux_[NII]6583_rg', 'flux_[NII]6548_rg', 'flux_[SII]6717_rg', 'flux_[SII]6731_rg', 'vel_[OII]3727_rg', 'vel_[OIII]5007_rg', 'vel_[OIII]4959_rg', 'vel_Hbeta_rg', 'vel_[OI]6300_rg', 'vel_Halpha_rg', 'vel_[NII]6583_rg', 'vel_[NII]6548_rg', 'vel_[SII]6717_rg', 'vel_[SII]6731_rg', 'disp_[OII]3727_rg', 'disp_[OIII]5007_rg', 'disp_[OIII]4959_rg', 'disp_Hbeta_rg', 'disp_[OI]6300_rg', 'disp_Halpha_rg', 'disp_[NII]6583_rg', 'disp_[NII]6548_rg', 'disp_[SII]6717_rg', 'disp_[SII]6731_rg', 'EW_[OII]3727_rg', 'EW_[OIII]5007_rg', 'EW_[OIII]4959_rg', 'EW_Hbeta_rg', 'EW_[OI]6300_rg', 'EW_Halpha_rg', 'EW_[NII]6583_rg', 'EW_[NII]6548_rg', 'EW_[SII]6717_rg', 'EW_[SII]6731_rg', 'e_flux_[OII]3727_rg', 'e_flux_[OIII]5007_rg', 'e_flux_[OIII]4959_rg', 'e_flux_Hbeta_rg', 'e_flux_[OI]6300_rg', 'e_flux_Halpha_rg', 'e_flux_[NII]6583_rg', 'e_flux_[NII]6548_rg', 'e_flux_[SII]6717_rg', 'e_flux_[SII]6731_rg', 'e_vel_[OII]3727_rg', 'e_vel_[OIII]5007_rg', 'e_vel_[OIII]4959_rg', 'e_vel_Hbeta_rg', 'e_vel_[OI]6300_rg', 'e_vel_Halpha_rg', 'e_vel_[NII]6583_rg', 'e_vel_[NII]6548_rg', 'e_vel_[SII]6717_rg', 'e_vel_[SII]6731_rg', 'e_disp_[OII]3727_rg', 'e_disp_[OIII]5007_rg', 'e_disp_[OIII]4959_rg', 'e_disp_Hbeta_rg', 'e_disp_[OI]6300_rg', 'e_disp_Halpha_rg', 'e_disp_[NII]6583_rg', 'e_disp_[NII]6548_rg', 'e_disp_[SII]6717_rg', 'e_disp_[SII]6731_rg', 'e_EW_[OII]3727_rg', 'e_EW_[OIII]5007_rg', 'e_EW_[OIII]4959_rg', 'e_EW_Hbeta_rg', 'e_EW_[OI]6300_rg', 'e_EW_Halpha_rg', 'e_EW_[NII]6583_rg', 'e_EW_[NII]6548_rg', 'e_EW_[SII]6717_rg', 'e_EW_[SII]6731_rg', 'flux_sigsfr_rg', 'e_flux_sigsfr_rg', 'AHa_flux_sigsfr_rg', 'e_AHa_flux_sigsfr_rg', 'BPT_rg', 'p_BPT_rg', 'SF_BPT_rg', 'ZOH_rg', 'e_ZOH_rg']
There are 1849 rows in native table
['Name', 'ix', 'iy', 'ra_off', 'dec_off', 'rad_arc', 'azi_ang', 'flux_[OII]3727_sm', 'flux_[OIII]5007_sm', 'flux_[OIII]4959_sm', 'flux_Hbeta_sm', 'flux_[OI]6300_sm', 'flux_Halpha_sm', 'flux_[NII]6583_sm', 'flux_[NII]6548_sm', 'flux_[SII]6717_sm', 'flux_[SII]6731_sm', 'vel_[OII]3727_sm', 'vel_[OIII]5007_sm', 'vel_[OIII]4959_sm', 'vel_Hbeta_sm', 'vel_[OI]6300_sm', 'vel_Halpha_sm', 'vel_[NII]6583_sm', 'vel_[NII]6548_sm', 'vel_[SII]6717_sm', 'vel_[SII]6731_sm', 'disp_[OII]3727_sm', 'disp_[OIII]5007_sm', 'disp_[OIII]4959_sm', 'disp_Hbeta_sm', 'disp_[OI]6300_sm', 'disp_Halpha_sm', 'disp_[NII]6583_sm', 'disp_[NII]6548_sm', 'disp_[SII]6717_sm', 'disp_[SII]6731_sm', 'EW_[OII]3727_sm', 'EW_[OIII]5007_sm', 'EW_[OIII]4959_sm', 'EW_Hbeta_sm', 'EW_[OI]6300_sm', 'EW_Halpha_sm', 'EW_[NII]6583_sm', 'EW_[NII]6548_sm', 'EW_[SII]6717_sm', 'EW_[SII]6731_sm', 'e_flux_[OII]3727_sm', 'e_flux_[OIII]5007_sm', 'e_flux_[OIII]4959_sm', 'e_flux_Hbeta_sm', 'e_flux_[OI]6300_sm', 'e_flux_Halpha_sm', 'e_flux_[NII]6583_sm', 'e_flux_[NII]6548_sm', 'e_flux_[SII]6717_sm', 'e_flux_[SII]6731_sm', 'e_vel_[OII]3727_sm', 'e_vel_[OIII]5007_sm', 'e_vel_[OIII]4959_sm', 'e_vel_Hbeta_sm', 'e_vel_[OI]6300_sm', 'e_vel_Halpha_sm', 'e_vel_[NII]6583_sm', 'e_vel_[NII]6548_sm', 'e_vel_[SII]6717_sm', 'e_vel_[SII]6731_sm', 'e_disp_[OII]3727_sm', 'e_disp_[OIII]5007_sm', 'e_disp_[OIII]4959_sm', 'e_disp_Hbeta_sm', 'e_disp_[OI]6300_sm', 'e_disp_Halpha_sm', 'e_disp_[NII]6583_sm', 'e_disp_[NII]6548_sm', 'e_disp_[SII]6717_sm', 'e_disp_[SII]6731_sm', 'e_EW_[OII]3727_sm', 'e_EW_[OIII]5007_sm', 'e_EW_[OIII]4959_sm', 'e_EW_Hbeta_sm', 'e_EW_[OI]6300_sm', 'e_EW_Halpha_sm', 'e_EW_[NII]6583_sm', 'e_EW_[NII]6548_sm', 'e_EW_[SII]6717_sm', 'e_EW_[SII]6731_sm', 'flux_sigsfr_sm', 'e_flux_sigsfr_sm', 'AHa_flux_sigsfr_sm', 'e_AHa_flux_sigsfr_sm', 'BPT_sm', 'p_BPT_sm', 'SF_BPT_sm', 'ZOH_sm', 'e_ZOH_sm']
There are 1849 rows in smoothed table
